Using pre-set license
Built from '2020.3/staging' branch; Version is '2020.3.8f1 (507919d4fff5) revision 5273881'; Using compiler version '192528614'; Build Type 'Release'
OS: 'Windows 10 Pro; OS build 19042.1288; Version 2009; 64bit' Language: 'ru' Physical Memory: 15789 MB
BatchMode: 1, IsHumanControllingUs: 0, StartBugReporterOnCrash: 0, Is64bit: 1, IsPro: 0

 COMMAND LINE ARGUMENTS:
C:\Program Files\Unity\Hub\Editor\2020.3.8f1\Editor\Unity.exe
-adb2
-batchMode
-noUpm
-name
AssetImportWorker0
-projectPath
C:/Users/takeoff/Desktop/Unity Projects/Light
-logFile
Logs/AssetImportWorker0.log
-srvPort
58279
Successfully changed project path to: C:/Users/takeoff/Desktop/Unity Projects/Light
C:/Users/takeoff/Desktop/Unity Projects/Light
Using Asset Import Pipeline V2.
Refreshing native plugins compatible for Editor in 0.89 ms, found 0 plugins.
Preloading 0 native plugins for Editor in 0.00 ms.
Initialize engine version: 2020.3.8f1 (507919d4fff5)
[Subsystems] Discovering subsystems at path C:/Program Files/Unity/Hub/Editor/2020.3.8f1/Editor/Data/Resources/UnitySubsystems
[Subsystems] Discovering subsystems at path C:/Users/takeoff/Desktop/Unity Projects/Light/Assets
GfxDevice: creating device client; threaded=0
Direct3D:
    Version:  Direct3D 11.0 [level 11.1]
    Renderer: NVIDIA GeForce GTX 1660 Ti (ID=0x2191)
    Vendor:   
    VRAM:     5991 MB
    Driver:   27.21.14.6089
Initialize mono
Mono path[0] = 'C:/Program Files/Unity/Hub/Editor/2020.3.8f1/Editor/Data/Managed'
Mono path[1] = 'C:/Program Files/Unity/Hub/Editor/2020.3.8f1/Editor/Data/MonoBleedingEdge/lib/mono/unityjit'
Mono config path = 'C:/Program Files/Unity/Hub/Editor/2020.3.8f1/Editor/Data/MonoBleedingEdge/etc'
Using monoOptions --debugger-agent=transport=dt_socket,embedding=1,server=y,suspend=n,address=127.0.0.1:56676
Begin MonoManager ReloadAssembly
Registering precompiled unity dll's ...
Register platform support module: C:/Program Files/Unity/Hub/Editor/2020.3.8f1/Editor/Data/PlaybackEngines/WindowsStandaloneSupport/UnityEditor.WindowsStandalone.Extensions.dll
Registered in 0.001332 seconds.
Native extension for WindowsStandalone target not found
Refreshing native plugins compatible for Editor in 0.75 ms, found 0 plugins.
Preloading 0 native plugins for Editor in 0.00 ms.
Mono: successfully reloaded assembly
- Completed reload, in  1.582 seconds
Platform modules already initialized, skipping
Registering precompiled user dll's ...
Registered in 0.000020 seconds.
Begin MonoManager ReloadAssembly
Native extension for WindowsStandalone target not found
Refreshing native plugins compatible for Editor in 0.02 ms, found 0 plugins.
Preloading 0 native plugins for Editor in 0.00 ms.
Mono: successfully reloaded assembly
- Completed reload, in  0.574 seconds
Platform modules already initialized, skipping
========================================================================
Worker process is ready to serve import requests
Launched and connected shader compiler UnityShaderCompiler.exe after 0.04 seconds
Refreshing native plugins compatible for Editor in 0.02 ms, found 0 plugins.
Preloading 0 native plugins for Editor in 0.00 ms.
Unloading 6 Unused Serialized files (Serialized files now loaded: 0)
System memory in use before: 24.3 MB.
System memory in use after: 24.3 MB.

Unloading 2 unused Assets to reduce memory usage. Loaded Objects now: 445.
Total: 1.047400 ms (FindLiveObjects: 0.038300 ms CreateObjectMapping: 0.003100 ms MarkObjects: 0.956700 ms  DeleteObjects: 0.048500 ms)

========================================================================
Received Import Request.
  path: Assets/Materials
  artifactKey: Guid(5b5ce8885f3a1974091f01ca879993c7) Importer(815301076,1909f56bfc062723c751e8b465ee728b)
Start importing Assets/Materials using Guid(5b5ce8885f3a1974091f01ca879993c7) Importer(815301076,1909f56bfc062723c751e8b465ee728b)  -> (artifact id: '1b88e8dfedd5d12ca08af8aabc2c9d84') in 0.002870 seconds
  Import took 0.003225 seconds .

========================================================================
Received Import Request.
  Time since last request: 190.737297 seconds.
  path: Assets/Materials/Lighting Settings.lighting
  artifactKey: Guid(940fda0d1f5193a4c918c7ac62add2e0) Importer(815301076,1909f56bfc062723c751e8b465ee728b)
Start importing Assets/Materials/Lighting Settings.lighting using Guid(940fda0d1f5193a4c918c7ac62add2e0) Importer(815301076,1909f56bfc062723c751e8b465ee728b)  -> (artifact id: 'efde7a205f961c7ec7e970b1ab7042e3') in 0.032566 seconds
  Import took 0.032964 seconds .

========================================================================
Received Prepare
Registering precompiled user dll's ...
Registered in 0.000005 seconds.
Begin MonoManager ReloadAssembly
Native extension for WindowsStandalone target not found
Refreshing native plugins compatible for Editor in 0.02 ms, found 0 plugins.
Preloading 0 native plugins for Editor in 0.00 ms.
Mono: successfully reloaded assembly
- Completed reload, in  0.545 seconds
Platform modules already initialized, skipping
Refreshing native plugins compatible for Editor in 0.02 ms, found 0 plugins.
Preloading 0 native plugins for Editor in 0.00 ms.
Unloading 1 Unused Serialized files (Serialized files now loaded: 0)
System memory in use before: 24.1 MB.
System memory in use after: 24.1 MB.

Unloading 0 unused Assets to reduce memory usage. Loaded Objects now: 445.
Total: 0.936600 ms (FindLiveObjects: 0.038000 ms CreateObjectMapping: 0.003200 ms MarkObjects: 0.891600 ms  DeleteObjects: 0.003000 ms)

========================================================================
Received Prepare
Registering precompiled user dll's ...
Registered in 0.000005 seconds.
Begin MonoManager ReloadAssembly
Native extension for WindowsStandalone target not found
Refreshing native plugins compatible for Editor in 0.02 ms, found 0 plugins.
Preloading 0 native plugins for Editor in 0.00 ms.
Mono: successfully reloaded assembly
- Completed reload, in  0.554 seconds
Platform modules already initialized, skipping
Refreshing native plugins compatible for Editor in 0.02 ms, found 0 plugins.
Preloading 0 native plugins for Editor in 0.00 ms.
Unloading 1 Unused Serialized files (Serialized files now loaded: 0)
System memory in use before: 24.1 MB.
System memory in use after: 24.1 MB.

Unloading 0 unused Assets to reduce memory usage. Loaded Objects now: 445.
Total: 0.941400 ms (FindLiveObjects: 0.038200 ms CreateObjectMapping: 0.003600 ms MarkObjects: 0.896300 ms  DeleteObjects: 0.002400 ms)

========================================================================
Received Import Request.
  Time since last request: 9705.540111 seconds.
  path: Assets/Materials/Emission.lighting
  artifactKey: Guid(d65d55f977e200446aa6bb84e2aa1894) Importer(815301076,1909f56bfc062723c751e8b465ee728b)
Start importing Assets/Materials/Emission.lighting using Guid(d65d55f977e200446aa6bb84e2aa1894) Importer(815301076,1909f56bfc062723c751e8b465ee728b)  -> (artifact id: '03654f345b18ddeac8578f21bc5347b6') in 0.009710 seconds
  Import took 0.010123 seconds .

========================================================================
Received Import Request.
  Time since last request: 0.002626 seconds.
  path: Assets/Materials/Emission.lighting
  artifactKey: Guid(d65d55f977e200446aa6bb84e2aa1894) Importer(815301076,1909f56bfc062723c751e8b465ee728b)
Start importing Assets/Materials/Emission.lighting using Guid(d65d55f977e200446aa6bb84e2aa1894) Importer(815301076,1909f56bfc062723c751e8b465ee728b)  -> (artifact id: '03654f345b18ddeac8578f21bc5347b6') in 0.002350 seconds
  Import took 0.002704 seconds .

========================================================================
Received Prepare
Registering precompiled user dll's ...
Registered in 0.000006 seconds.
Begin MonoManager ReloadAssembly
Native extension for WindowsStandalone target not found
Refreshing native plugins compatible for Editor in 0.03 ms, found 0 plugins.
Preloading 0 native plugins for Editor in 0.00 ms.
Mono: successfully reloaded assembly
- Completed reload, in  0.547 seconds
Platform modules already initialized, skipping
Refreshing native plugins compatible for Editor in 0.02 ms, found 0 plugins.
Preloading 0 native plugins for Editor in 0.00 ms.
Unloading 1 Unused Serialized files (Serialized files now loaded: 0)
System memory in use before: 24.1 MB.
System memory in use after: 24.1 MB.

Unloading 0 unused Assets to reduce memory usage. Loaded Objects now: 445.
Total: 0.947800 ms (FindLiveObjects: 0.038500 ms CreateObjectMapping: 0.003700 ms MarkObjects: 0.902600 ms  DeleteObjects: 0.002400 ms)

========================================================================
Received Prepare
Registering precompiled user dll's ...
Registered in 0.000006 seconds.
Begin MonoManager ReloadAssembly
Native extension for WindowsStandalone target not found
Refreshing native plugins compatible for Editor in 0.04 ms, found 0 plugins.
Preloading 0 native plugins for Editor in 0.00 ms.
Mono: successfully reloaded assembly
- Completed reload, in  1.251 seconds
Platform modules already initialized, skipping
Refreshing native plugins compatible for Editor in 0.03 ms, found 0 plugins.
Preloading 0 native plugins for Editor in 0.00 ms.
Unloading 1 Unused Serialized files (Serialized files now loaded: 0)
System memory in use before: 24.1 MB.
System memory in use after: 24.1 MB.

Unloading 0 unused Assets to reduce memory usage. Loaded Objects now: 445.
Total: 1.107300 ms (FindLiveObjects: 0.047000 ms CreateObjectMapping: 0.003500 ms MarkObjects: 1.051900 ms  DeleteObjects: 0.003800 ms)

========================================================================
Received Prepare
Registering precompiled user dll's ...
Registered in 0.000006 seconds.
Begin MonoManager ReloadAssembly
Native extension for WindowsStandalone target not found
Refreshing native plugins compatible for Editor in 0.04 ms, found 0 plugins.
Preloading 0 native plugins for Editor in 0.00 ms.
Mono: successfully reloaded assembly
- Completed reload, in  0.544 seconds
Platform modules already initialized, skipping
Refreshing native plugins compatible for Editor in 0.02 ms, found 0 plugins.
Preloading 0 native plugins for Editor in 0.00 ms.
Unloading 1 Unused Serialized files (Serialized files now loaded: 0)
System memory in use before: 24.1 MB.
System memory in use after: 24.1 MB.

Unloading 0 unused Assets to reduce memory usage. Loaded Objects now: 445.
Total: 1.030700 ms (FindLiveObjects: 0.037200 ms CreateObjectMapping: 0.003300 ms MarkObjects: 0.985200 ms  DeleteObjects: 0.004200 ms)

AssetImportWorkerClient::OnTransportError - code=2 error=End of file
